[Sat Nov 30 05:58:59 2024
] Operation: delete, Status: Failed
[Sat Nov 30 05:58:59 2024
] Operation: delete, Status: Failed
[Sat Nov 30 05:58:59 2024
] Operation: delete, Status: Failed
[Sat Nov 30 05:58:59 2024
] Operation: delete, Status: Failed
[Sat Nov 30 05:58:59 2024
] Operation: delete, Status: Failed
[Sat Nov 30 05:58:59 2024
] Operation: delete, Status: Failed
[Sat Nov 30 05:58:59 2024
] Operation: delete, Status: Failed
[Sat Nov 30 20:30:23 2024
] Operation: list, Status: Success
[Sat Nov 30 20:31:16 2024
] Operation: copy, Status: Failed
[Sat Nov 30 20:31:37 2024
] Operation: create, Status: Success
[Sat Nov 30 20:31:57 2024
] Operation: delete, Status: Success
[Sun Dec  8 22:29:19 2024
] Operation: list, Status: Success
[Sun Dec 22 17:19:39 2024
] Operation: create, Status: Success
[Sun Dec 22 17:20:12 2024
] Operation: search, Status: Not Found
[Sun Dec 22 17:20:34 2024
] Operation: search, Status: Success
